<?xml version="1.0" encoding="UTF-8" ?>
<testsuite tests="4" failures="0" name="org.apache.pluto.driver.services.portal.PortletWindowConfigTest" time="0.003" errors="0" skipped="0">
  <properties>
    <property name="java.runtime.name" value="Java(TM) SE Runtime Environment"/>
    <property name="sun.boot.library.path" value="C:\Program Files\Java\jdk1.8.0_65\jre\bin"/>
    <property name="java.vm.version" value="25.65-b01"/>
    <property name="java.vm.vendor" value="Oracle Corporation"/>
    <property name="java.vendor.url" value="http://java.oracle.com/"/>
    <property name="path.separator" value=";"/>
    <property name="java.vm.name" value="Java HotSpot(TM) 64-Bit Server VM"/>
    <property name="file.encoding.pkg" value="sun.io"/>
    <property name="user.script" value=""/>
    <property name="user.country" value="CN"/>
    <property name="sun.java.launcher" value="SUN_STANDARD"/>
    <property name="sun.os.patch.level" value="Service Pack 1"/>
    <property name="java.vm.specification.name" value="Java Virtual Machine Specification"/>
    <property name="user.dir" value="G:\Develop\Workspace\myPortal_Pluto\pluto-portal-driver"/>
    <property name="java.runtime.version" value="1.8.0_65-b17"/>
    <property name="java.awt.graphicsenv" value="sun.awt.Win32GraphicsEnvironment"/>
    <property name="basedir" value="G:\Develop\Workspace\myPortal_Pluto\pluto-portal-driver"/>
    <property name="java.endorsed.dirs" value="C:\Program Files\Java\jdk1.8.0_65\jre\lib\endorsed"/>
    <property name="os.arch" value="amd64"/>
    <property name="surefire.real.class.path" value="C:\Users\ChiFuF\AppData\Local\Temp\surefirebooter2232890881892648826.jar"/>
    <property name="java.io.tmpdir" value="C:\Users\ChiFuF\AppData\Local\Temp\"/>
    <property name="line.separator" value="
"/>
    <property name="java.vm.specification.vendor" value="Oracle Corporation"/>
    <property name="user.variant" value=""/>
    <property name="os.name" value="Windows 7"/>
    <property name="org.apache.commons.logging.simplelog.defaultlog" value="ERROR"/>
    <property name="sun.jnu.encoding" value="GBK"/>
    <property name="java.library.path" value="C:\Program Files\Java\jdk1.8.0_65\jre\bin;C:\Windows\Sun\Java\bin;C:\Windows\system32;C:\Windows;C:/Program Files/Java/jre1.8.0_71/bin/server;C:/Program Files/Java/jre1.8.0_71/bin;C:/Program Files/Java/jre1.8.0_71/lib/amd64;C:\Program Files (x86)\HP\NV\lib\shunra\vcat;C:\ProgramData\Oracle\Java\javapath;C:\Program Files (x86)\Intel\iCLS Client\;C:\Program Files\Intel\iCLS Client\;C:\Windows\system32;C:\Windows;C:\Windows\System32\Wbem;C:\Windows\System32\WindowsPowerShell\v1.0\;C:\Program Files\Intel\Intel(R) Management Engine Components\DAL;C:\Program Files\Intel\Intel(R) Management Engine Components\IPT;C:\Program Files (x86)\Intel\Intel(R) Management Engine Components\DAL;C:\Program Files (x86)\Intel\Intel(R) Management Engine Components\IPT;C:\Program Files (x86)\Intel\OpenCL SDK\2.0\bin\x86;C:\Program Files (x86)\Intel\OpenCL SDK\2.0\bin\x64;C:\Program Files (x86)\QuickTime\QTSystem\;C:\Program Files\TortoiseSVN\bin;G:\Develop\apache-maven-3.3.9-bin\apache-maven-3.3.9\bin;G:\Program Files (x86)\HP\LoadRunner\strawberry-perl\perl\bin;C:\Program Files (x86)\HP\NV\lib\thirdparty\safenet\LDK\7.0;C:\Program Files (x86)\HP\NV\lib\shunra\snv;C:\Users\ChiFuF\AppData\Local\Programs\Git\cmd;C:\Program Files\nodejs\;C:\Wind\Wind.NET.Client\WindNET\bin\;C:\Windows\system32;C:\Windows;C:\Windows\System32\Wbem;C:\Program Files\Java\jdk1.8.0_65\bin;C:\Program Files\Java\jdk1.8.0_65\jre\bin;G:\Develop\mysql-5.7.9-winx64\bin;C:\Users\ChiFuF\AppData\Roaming\npm;G:\Develop\eclipse-jee-mars-1-win32-x86_64\eclipse;;."/>
    <property name="surefire.test.class.path" value="G:\Develop\Workspace\myPortal_Pluto\pluto-portal-driver\target\test-classes;G:\Develop\Workspace\myPortal_Pluto\pluto-portal-driver\target\classes;G:\Develop\Workspace\myPortal_Pluto\pluto-container-api\target\pluto-container-api-2.1.0-SNAPSHOT.jar;G:\Develop\Workspace\myPortal_Pluto\pluto-container-driver-api\target\pluto-container-driver-api-2.1.0-SNAPSHOT.jar;G:\Develop\Workspace\myPortal_Pluto\pluto-container\target\pluto-container-2.1.0-SNAPSHOT.jar;C:\Users\ChiFuF\.m2\repository\org\slf4j\slf4j-api\1.5.6\slf4j-api-1.5.6.jar;C:\Users\ChiFuF\.m2\repository\javax\xml\bind\jaxb-api\2.1\jaxb-api-2.1.jar;C:\Users\ChiFuF\.m2\repository\javax\xml\stream\stax-api\1.0-2\stax-api-1.0-2.jar;C:\Users\ChiFuF\.m2\repository\javax\activation\activation\1.1\activation-1.1.jar;C:\Users\ChiFuF\.m2\repository\com\sun\xml\bind\jaxb-impl\2.1.9\jaxb-impl-2.1.9.jar;C:\Users\ChiFuF\.m2\repository\stax\stax\1.2.0\stax-1.2.0.jar;G:\Develop\Workspace\myPortal_Pluto\pluto-taglib\target\pluto-taglib-2.1.0-SNAPSHOT.jar;C:\Users\ChiFuF\.m2\repository\org\apache\portals\portlet-api_2.0_spec\1.0\portlet-api_2.0_spec-1.0.jar;C:\Users\ChiFuF\.m2\repository\javax\servlet\servlet-api\2.4\servlet-api-2.4.jar;C:\Users\ChiFuF\.m2\repository\javax\ccpp\ccpp\1.0\ccpp-1.0.jar;C:\Users\ChiFuF\.m2\repository\javax\servlet\jsp-api\2.0\jsp-api-2.0.jar;C:\Users\ChiFuF\.m2\repository\javax\servlet\jstl\1.1.2\jstl-1.1.2.jar;C:\Users\ChiFuF\.m2\repository\taglibs\standard\1.1.2\standard-1.1.2.jar;C:\Users\ChiFuF\.m2\repository\org\springframework\spring-core\2.0.2\spring-core-2.0.2.jar;C:\Users\ChiFuF\.m2\repository\org\springframework\spring-beans\2.0.2\spring-beans-2.0.2.jar;C:\Users\ChiFuF\.m2\repository\org\springframework\spring-web\2.0.2\spring-web-2.0.2.jar;C:\Users\ChiFuF\.m2\repository\org\springframework\spring-context\2.0.2\spring-context-2.0.2.jar;C:\Users\ChiFuF\.m2\repository\aopalliance\aopalliance\1.0\aopalliance-1.0.jar;C:\Users\ChiFuF\.m2\repository\commons-io\commons-io\1.3.1\commons-io-1.3.1.jar;C:\Users\ChiFuF\.m2\repository\org\slf4j\slf4j-jdk14\1.5.6\slf4j-jdk14-1.5.6.jar;C:\Users\ChiFuF\.m2\repository\junit\junit\4.0\junit-4.0.jar;C:\Users\ChiFuF\.m2\repository\jmock\jmock\1.2.0\jmock-1.2.0.jar;C:\Users\ChiFuF\.m2\repository\jmock\jmock-cglib\1.2.0\jmock-cglib-1.2.0.jar;C:\Users\ChiFuF\.m2\repository\cglib\cglib-nodep\2.1_3\cglib-nodep-2.1_3.jar;"/>
    <property name="java.specification.name" value="Java Platform API Specification"/>
    <property name="java.class.version" value="52.0"/>
    <property name="sun.management.compiler" value="HotSpot 64-Bit Tiered Compilers"/>
    <property name="os.version" value="6.1"/>
    <property name="user.home" value="C:\Users\ChiFuF"/>
    <property name="user.timezone" value=""/>
    <property name="java.awt.printerjob" value="sun.awt.windows.WPrinterJob"/>
    <property name="java.specification.version" value="1.8"/>
    <property name="file.encoding" value="GBK"/>
    <property name="user.name" value="ChiFuF"/>
    <property name="java.class.path" value="G:\Develop\Workspace\myPortal_Pluto\pluto-portal-driver\target\test-classes;G:\Develop\Workspace\myPortal_Pluto\pluto-portal-driver\target\classes;G:\Develop\Workspace\myPortal_Pluto\pluto-container-api\target\pluto-container-api-2.1.0-SNAPSHOT.jar;G:\Develop\Workspace\myPortal_Pluto\pluto-container-driver-api\target\pluto-container-driver-api-2.1.0-SNAPSHOT.jar;G:\Develop\Workspace\myPortal_Pluto\pluto-container\target\pluto-container-2.1.0-SNAPSHOT.jar;C:\Users\ChiFuF\.m2\repository\org\slf4j\slf4j-api\1.5.6\slf4j-api-1.5.6.jar;C:\Users\ChiFuF\.m2\repository\javax\xml\bind\jaxb-api\2.1\jaxb-api-2.1.jar;C:\Users\ChiFuF\.m2\repository\javax\xml\stream\stax-api\1.0-2\stax-api-1.0-2.jar;C:\Users\ChiFuF\.m2\repository\javax\activation\activation\1.1\activation-1.1.jar;C:\Users\ChiFuF\.m2\repository\com\sun\xml\bind\jaxb-impl\2.1.9\jaxb-impl-2.1.9.jar;C:\Users\ChiFuF\.m2\repository\stax\stax\1.2.0\stax-1.2.0.jar;G:\Develop\Workspace\myPortal_Pluto\pluto-taglib\target\pluto-taglib-2.1.0-SNAPSHOT.jar;C:\Users\ChiFuF\.m2\repository\org\apache\portals\portlet-api_2.0_spec\1.0\portlet-api_2.0_spec-1.0.jar;C:\Users\ChiFuF\.m2\repository\javax\servlet\servlet-api\2.4\servlet-api-2.4.jar;C:\Users\ChiFuF\.m2\repository\javax\ccpp\ccpp\1.0\ccpp-1.0.jar;C:\Users\ChiFuF\.m2\repository\javax\servlet\jsp-api\2.0\jsp-api-2.0.jar;C:\Users\ChiFuF\.m2\repository\javax\servlet\jstl\1.1.2\jstl-1.1.2.jar;C:\Users\ChiFuF\.m2\repository\taglibs\standard\1.1.2\standard-1.1.2.jar;C:\Users\ChiFuF\.m2\repository\org\springframework\spring-core\2.0.2\spring-core-2.0.2.jar;C:\Users\ChiFuF\.m2\repository\org\springframework\spring-beans\2.0.2\spring-beans-2.0.2.jar;C:\Users\ChiFuF\.m2\repository\org\springframework\spring-web\2.0.2\spring-web-2.0.2.jar;C:\Users\ChiFuF\.m2\repository\org\springframework\spring-context\2.0.2\spring-context-2.0.2.jar;C:\Users\ChiFuF\.m2\repository\aopalliance\aopalliance\1.0\aopalliance-1.0.jar;C:\Users\ChiFuF\.m2\repository\commons-io\commons-io\1.3.1\commons-io-1.3.1.jar;C:\Users\ChiFuF\.m2\repository\org\slf4j\slf4j-jdk14\1.5.6\slf4j-jdk14-1.5.6.jar;C:\Users\ChiFuF\.m2\repository\junit\junit\4.0\junit-4.0.jar;C:\Users\ChiFuF\.m2\repository\jmock\jmock\1.2.0\jmock-1.2.0.jar;C:\Users\ChiFuF\.m2\repository\jmock\jmock-cglib\1.2.0\jmock-cglib-1.2.0.jar;C:\Users\ChiFuF\.m2\repository\cglib\cglib-nodep\2.1_3\cglib-nodep-2.1_3.jar;"/>
    <property name="java.vm.specification.version" value="1.8"/>
    <property name="sun.arch.data.model" value="64"/>
    <property name="java.home" value="C:\Program Files\Java\jdk1.8.0_65\jre"/>
    <property name="sun.java.command" value="C:\Users\ChiFuF\AppData\Local\Temp\surefirebooter2232890881892648826.jar C:\Users\ChiFuF\AppData\Local\Temp\surefire4259073655864783768tmp C:\Users\ChiFuF\AppData\Local\Temp\surefire1864580448240925122tmp"/>
    <property name="java.specification.vendor" value="Oracle Corporation"/>
    <property name="user.language" value="zh"/>
    <property name="awt.toolkit" value="sun.awt.windows.WToolkit"/>
    <property name="java.vm.info" value="mixed mode"/>
    <property name="java.version" value="1.8.0_65"/>
    <property name="java.ext.dirs" value="C:\Program Files\Java\jdk1.8.0_65\jre\lib\ext;C:\Windows\Sun\Java\lib\ext"/>
    <property name="sun.boot.class.path" value="C:\Program Files\Java\jdk1.8.0_65\jre\lib\resources.jar;C:\Program Files\Java\jdk1.8.0_65\jre\lib\rt.jar;C:\Program Files\Java\jdk1.8.0_65\jre\lib\sunrsasign.jar;C:\Program Files\Java\jdk1.8.0_65\jre\lib\jsse.jar;C:\Program Files\Java\jdk1.8.0_65\jre\lib\jce.jar;C:\Program Files\Java\jdk1.8.0_65\jre\lib\charsets.jar;C:\Program Files\Java\jdk1.8.0_65\jre\lib\jfr.jar;C:\Program Files\Java\jdk1.8.0_65\jre\classes"/>
    <property name="java.vendor" value="Oracle Corporation"/>
    <property name="localRepository" value="C:\Users\ChiFuF\.m2\repository"/>
    <property name="file.separator" value="\"/>
    <property name="java.vendor.url.bug" value="http://bugreport.sun.com/bugreport/"/>
    <property name="sun.cpu.endian" value="little"/>
    <property name="sun.io.unicode.encoding" value="UnicodeLittle"/>
    <property name="sun.desktop" value="windows"/>
    <property name="sun.cpu.isalist" value="amd64"/>
    <property name="org.apache.commons.logging.Log" value="org.apache.commons.logging.impl.SimpleLog"/>
  </properties>
  <testcase classname="org.apache.pluto.driver.services.portal.PortletWindowConfigTest" name="testCreatePortletId" time="0"/>
  <testcase classname="org.apache.pluto.driver.services.portal.PortletWindowConfigTest" name="testParseInvalidId" time="0.001"/>
  <testcase classname="org.apache.pluto.driver.services.portal.PortletWindowConfigTest" name="testParseContextPath" time="0"/>
  <testcase classname="org.apache.pluto.driver.services.portal.PortletWindowConfigTest" name="testParsePortletName" time="0"/>
</testsuite>